2019-04-10 15:00 +08:00: Port 3000 is already in use
2019-04-10 15:00 +08:00: Port 3000 is already in use
2019-04-10 15:00 +08:00: Port 3000 is already in use
2019-04-10 15:00 +08:00: Port 3000 is already in use
2019-04-10 15:00 +08:00: Port 3000 is already in use
2019-04-10 15:04 +08:00: Port 3000 is already in use
2019-04-10 15:04 +08:00: Port 3000 is already in use
2019-04-10 15:04 +08:00: Port 3000 is already in use
2019-04-10 15:04 +08:00: Port 3000 is already in use
2019-04-10 15:04 +08:00: Port 3000 is already in use
2019-04-11 00:01 +08:00: Port 3000 is already in use
2019-04-11 00:01 +08:00: Port 3000 is already in use
2019-04-11 00:01 +08:00: Port 3000 is already in use
2019-04-11 00:01 +08:00: Port 3000 is already in use
2019-04-11 00:01 +08:00: Port 3000 is already in use
2019-04-11 11:48 +08:00: Port 3000 is already in use
2019-04-11 11:48 +08:00: Port 3000 is already in use
2019-04-11 11:48 +08:00: Port 3000 is already in use
2019-04-11 11:48 +08:00: Port 3000 is already in use
2019-04-11 11:48 +08:00: Port 3000 is already in use
2019-04-11 11:48 +08:00: Port 3000 is already in use
2019-04-11 15:37 +08:00: Port 3000 is already in use
2019-04-11 15:37 +08:00: Port 3000 is already in use
2019-04-11 15:37 +08:00: Port 3000 is already in use
2019-04-11 15:37 +08:00: Port 3000 is already in use
2019-04-11 15:37 +08:00: Port 3000 is already in use
2019-04-11 15:37 +08:00: { Error: ENOENT: no such file or directory, open '/home/deliveryNode/routes/SongnaiApp/SongnaiPingjia.json'
2019-04-11 15:37 +08:00:     at Error (native)
2019-04-11 15:37 +08:00:   errno: -2,
2019-04-11 15:37 +08:00:   code: 'ENOENT',
2019-04-11 15:37 +08:00:   syscall: 'open',
2019-04-11 15:37 +08:00:   path: '/home/deliveryNode/routes/SongnaiApp/SongnaiPingjia.json' }
2019-04-11 15:38 +08:00: Port 3000 is already in use
2019-04-11 15:38 +08:00: Port 3000 is already in use
2019-04-11 15:38 +08:00: Port 3000 is already in use
2019-04-11 15:38 +08:00: Port 3000 is already in use
2019-04-11 15:38 +08:00: Port 3000 is already in use
2019-04-11 15:38 +08:00: { Error: ENOENT: no such file or directory, open '/home/deliveryNode/routes/SongnaiApp/SongnaiPingjia.json'
2019-04-11 15:38 +08:00:     at Error (native)
2019-04-11 15:38 +08:00:   errno: -2,
2019-04-11 15:38 +08:00:   code: 'ENOENT',
2019-04-11 15:38 +08:00:   syscall: 'open',
2019-04-11 15:38 +08:00:   path: '/home/deliveryNode/routes/SongnaiApp/SongnaiPingjia.json' }
2019-04-11 15:40 +08:00: Port 3000 is already in use
2019-04-11 15:40 +08:00: Port 3000 is already in use
2019-04-11 15:40 +08:00: Port 3000 is already in use
2019-04-11 15:40 +08:00: Port 3000 is already in use
2019-04-11 15:40 +08:00: Port 3000 is already in use
2019-04-11 15:42 +08:00: { Error: ENOENT: no such file or directory, open '/home/deliveryNode/routes/SongnaiApp/SongnaiPingjia.json'
2019-04-11 15:42 +08:00:     at Error (native)
2019-04-11 15:42 +08:00:   errno: -2,
2019-04-11 15:42 +08:00:   code: 'ENOENT',
2019-04-11 15:42 +08:00:   syscall: 'open',
2019-04-11 15:42 +08:00:   path: '/home/deliveryNode/routes/SongnaiApp/SongnaiPingjia.json' }
2019-04-11 15:48 +08:00: Port 3000 is already in use
2019-04-11 15:48 +08:00: Port 3000 is already in use
2019-04-11 15:48 +08:00: Port 3000 is already in use
2019-04-11 15:48 +08:00: Port 3000 is already in use
2019-04-11 15:48 +08:00: Port 3000 is already in use
2019-04-11 15:49 +08:00: { Error: ENOENT: no such file or directory, open '/home/deliveryNode/routes/SongnaiApp/SongnaiPingjia.json'
2019-04-11 15:49 +08:00:     at Error (native)
2019-04-11 15:49 +08:00:   errno: -2,
2019-04-11 15:49 +08:00:   code: 'ENOENT',
2019-04-11 15:49 +08:00:   syscall: 'open',
2019-04-11 15:49 +08:00:   path: '/home/deliveryNode/routes/SongnaiApp/SongnaiPingjia.json' }
2019-04-11 15:51 +08:00: Port 3000 is already in use
2019-04-11 15:51 +08:00: Port 3000 is already in use
2019-04-11 15:51 +08:00: Port 3000 is already in use
2019-04-11 15:51 +08:00: Port 3000 is already in use
2019-04-11 15:51 +08:00: Port 3000 is already in use
2019-04-11 15:52 +08:00: { Error: ENOENT: no such file or directory, open '/home/deliveryNode/routes/SongnaiApp/SongnaiPingjia.json'
2019-04-11 15:52 +08:00:     at Error (native)
2019-04-11 15:52 +08:00:   errno: -2,
2019-04-11 15:52 +08:00:   code: 'ENOENT',
2019-04-11 15:52 +08:00:   syscall: 'open',
2019-04-11 15:52 +08:00:   path: '/home/deliveryNode/routes/SongnaiApp/SongnaiPingjia.json' }
2019-04-11 15:55 +08:00: Port 3000 is already in use
2019-04-11 15:55 +08:00: Port 3000 is already in use
2019-04-11 15:55 +08:00: Port 3000 is already in use
2019-04-11 15:55 +08:00: Port 3000 is already in use
2019-04-11 15:55 +08:00: Port 3000 is already in use
2019-04-11 15:56 +08:00: { Error: ENOENT: no such file or directory, open '/home/deliveryNode/routes/SongnaiApp/SongnaiPingjia.json'
2019-04-11 15:56 +08:00:     at Error (native)
2019-04-11 15:56 +08:00:   errno: -2,
2019-04-11 15:56 +08:00:   code: 'ENOENT',
2019-04-11 15:56 +08:00:   syscall: 'open',
2019-04-11 15:56 +08:00:   path: '/home/deliveryNode/routes/SongnaiApp/SongnaiPingjia.json' }
2019-04-11 16:08 +08:00: Port 3000 is already in use
2019-04-11 16:08 +08:00: Port 3000 is already in use
2019-04-11 16:08 +08:00: Port 3000 is already in use
2019-04-11 16:08 +08:00: Port 3000 is already in use
2019-04-11 16:08 +08:00: Port 3000 is already in use
2019-04-11 17:47 +08:00: { Error: ENOENT: no such file or directory, open '/home/deliveryNode/routes/SongnaiApp/SongnaiPingjia.json'
2019-04-11 17:47 +08:00:     at Error (native)
2019-04-11 17:47 +08:00:   errno: -2,
2019-04-11 17:47 +08:00:   code: 'ENOENT',
2019-04-11 17:47 +08:00:   syscall: 'open',
2019-04-11 17:47 +08:00:   path: '/home/deliveryNode/routes/SongnaiApp/SongnaiPingjia.json' }
2019-04-11 17:59 +08:00: Port 3000 is already in use
2019-04-11 17:59 +08:00: Port 3000 is already in use
2019-04-11 17:59 +08:00: Port 3000 is already in use
2019-04-11 17:59 +08:00: Port 3000 is already in use
2019-04-11 17:59 +08:00: Port 3000 is already in use
2019-04-11 17:59 +08:00: { Error: ENOENT: no such file or directory, open '/home/deliveryNode/routes/SongnaiApp/SongnaiPingjia.json'
2019-04-11 17:59 +08:00:     at Error (native)
2019-04-11 17:59 +08:00:   errno: -2,
2019-04-11 17:59 +08:00:   code: 'ENOENT',
2019-04-11 17:59 +08:00:   syscall: 'open',
2019-04-11 17:59 +08:00:   path: '/home/deliveryNode/routes/SongnaiApp/SongnaiPingjia.json' }
2019-04-11 18:05 +08:00: Port 3000 is already in use
2019-04-11 18:05 +08:00: Port 3000 is already in use
2019-04-11 18:05 +08:00: Port 3000 is already in use
2019-04-11 18:05 +08:00: Port 3000 is already in use
2019-04-11 18:05 +08:00: Port 3000 is already in use
2019-04-12 00:01 +08:00: Port 3000 is already in use
2019-04-12 00:01 +08:00: Port 3000 is already in use
2019-04-12 00:01 +08:00: Port 3000 is already in use
2019-04-12 00:01 +08:00: Port 3000 is already in use
2019-04-12 00:01 +08:00: Port 3000 is already in use
2019-04-12 00:01 +08:00: Port 3000 is already in use
2019-04-12 00:01 +08:00: Port 3000 is already in use
2019-04-12 18:42 +08:00: Port 3000 is already in use
2019-04-12 18:42 +08:00: Port 3000 is already in use
2019-04-12 18:42 +08:00: Port 3000 is already in use
2019-04-12 18:42 +08:00: Port 3000 is already in use
2019-04-12 18:42 +08:00: Port 3000 is already in use
2019-04-13 00:01 +08:00: Port 3000 is already in use
2019-04-13 00:01 +08:00: Port 3000 is already in use
2019-04-13 00:01 +08:00: Port 3000 is already in use
2019-04-13 00:01 +08:00: Port 3000 is already in use
2019-04-13 00:01 +08:00: Port 3000 is already in use
2019-04-14 00:01 +08:00: Port 3000 is already in use
2019-04-14 00:01 +08:00: Port 3000 is already in use
2019-04-14 00:01 +08:00: Port 3000 is already in use
2019-04-14 00:01 +08:00: Port 3000 is already in use
2019-04-14 00:01 +08:00: Port 3000 is already in use
2019-04-15 00:01 +08:00: Port 3000 is already in use
2019-04-15 00:01 +08:00: Port 3000 is already in use
2019-04-15 00:01 +08:00: Port 3000 is already in use
2019-04-15 00:01 +08:00: Port 3000 is already in use
2019-04-15 00:01 +08:00: Port 3000 is already in use
2019-04-16 00:01 +08:00: Port 3000 is already in use
2019-04-16 00:01 +08:00: Port 3000 is already in use
2019-04-16 00:01 +08:00: Port 3000 is already in use
2019-04-16 00:01 +08:00: Port 3000 is already in use
2019-04-16 00:01 +08:00: Port 3000 is already in use
2019-04-16 18:09 +08:00: Port 3000 is already in use
2019-04-16 18:09 +08:00: Port 3000 is already in use
2019-04-16 18:09 +08:00: Port 3000 is already in use
2019-04-16 18:09 +08:00: Port 3000 is already in use
2019-04-16 18:09 +08:00: Port 3000 is already in use
2019-04-16 18:15 +08:00: Port 3000 is already in use
2019-04-16 18:15 +08:00: Port 3000 is already in use
2019-04-16 18:15 +08:00: Port 3000 is already in use
2019-04-16 18:15 +08:00: Port 3000 is already in use
2019-04-16 18:15 +08:00: Port 3000 is already in use
2019-04-16 18:22 +08:00: Port 3000 is already in use
2019-04-16 18:22 +08:00: Port 3000 is already in use
2019-04-16 18:22 +08:00: Port 3000 is already in use
2019-04-16 18:22 +08:00: Port 3000 is already in use
2019-04-16 18:22 +08:00: Port 3000 is already in use
2019-04-16 18:24 +08:00: Port 3000 is already in use
2019-04-16 18:24 +08:00: Port 3000 is already in use
2019-04-16 18:24 +08:00: Port 3000 is already in use
2019-04-16 18:24 +08:00: Port 3000 is already in use
2019-04-16 18:24 +08:00: Port 3000 is already in use
2019-04-17 00:01 +08:00: Port 3000 is already in use
2019-04-17 00:01 +08:00: Port 3000 is already in use
2019-04-17 00:01 +08:00: Port 3000 is already in use
2019-04-17 00:01 +08:00: Port 3000 is already in use
2019-04-17 00:01 +08:00: Port 3000 is already in use
2019-04-17 09:54 +08:00: Port 3000 is already in use
2019-04-17 09:54 +08:00: Port 3000 is already in use
2019-04-17 09:54 +08:00: Port 3000 is already in use
2019-04-17 09:54 +08:00: Port 3000 is already in use
2019-04-17 09:54 +08:00: Port 3000 is already in use
2019-04-18 00:01 +08:00: Port 3000 is already in use
2019-04-18 00:01 +08:00: Port 3000 is already in use
2019-04-18 00:01 +08:00: Port 3000 is already in use
2019-04-18 00:01 +08:00: Port 3000 is already in use
2019-04-18 00:01 +08:00: Port 3000 is already in use
2019-04-19 00:01 +08:00: Port 3000 is already in use
2019-04-19 00:01 +08:00: Port 3000 is already in use
2019-04-19 00:01 +08:00: Port 3000 is already in use
2019-04-19 00:01 +08:00: Port 3000 is already in use
2019-04-19 00:01 +08:00: Port 3000 is already in use
2019-04-19 18:11 +08:00: Port 3000 is already in use
2019-04-19 18:11 +08:00: Port 3000 is already in use
2019-04-19 18:11 +08:00: Port 3000 is already in use
2019-04-19 18:11 +08:00: Port 3000 is already in use
2019-04-19 18:11 +08:00: Port 3000 is already in use
2019-04-19 18:18 +08:00: Port 3000 is already in use
2019-04-19 18:18 +08:00: Port 3000 is already in use
2019-04-19 18:18 +08:00: Port 3000 is already in use
2019-04-19 18:18 +08:00: Port 3000 is already in use
2019-04-19 18:18 +08:00: Port 3000 is already in use
2019-04-19 18:20 +08:00: Port 3000 is already in use
2019-04-19 18:20 +08:00: Port 3000 is already in use
2019-04-19 18:20 +08:00: Port 3000 is already in use
2019-04-19 18:20 +08:00: Port 3000 is already in use
2019-04-19 18:20 +08:00: Port 3000 is already in use
2019-04-19 18:27 +08:00: Port 3000 is already in use
2019-04-19 18:27 +08:00: Port 3000 is already in use
2019-04-19 18:27 +08:00: Port 3000 is already in use
2019-04-19 18:27 +08:00: Port 3000 is already in use
2019-04-19 18:27 +08:00: Port 3000 is already in use
2019-04-19 18:27 +08:00: { Error: ENOENT: no such file or directory, open '/home/deliveryNode/routes/studentJianzhi/StudentPingjia.json'
2019-04-19 18:27 +08:00:     at Error (native)
2019-04-19 18:27 +08:00:   errno: -2,
2019-04-19 18:27 +08:00:   code: 'ENOENT',
2019-04-19 18:27 +08:00:   syscall: 'open',
2019-04-19 18:27 +08:00:   path: '/home/deliveryNode/routes/studentJianzhi/StudentPingjia.json' }
2019-04-19 18:28 +08:00: Port 3000 is already in use
2019-04-19 18:28 +08:00: Port 3000 is already in use
2019-04-19 18:28 +08:00: Port 3000 is already in use
2019-04-19 18:28 +08:00: Port 3000 is already in use
2019-04-19 18:28 +08:00: Port 3000 is already in use
2019-04-20 00:01 +08:00: Port 3000 is already in use
2019-04-20 00:01 +08:00: Port 3000 is already in use
2019-04-20 00:01 +08:00: Port 3000 is already in use
2019-04-20 00:01 +08:00: Port 3000 is already in use
2019-04-20 00:01 +08:00: Port 3000 is already in use
2019-04-20 00:01 +08:00: Port 3000 is already in use
2019-04-20 00:01 +08:00: Port 3000 is already in use
2019-04-21 00:01 +08:00: Port 3000 is already in use
2019-04-21 00:01 +08:00: Port 3000 is already in use
2019-04-21 00:01 +08:00: Port 3000 is already in use
2019-04-21 00:01 +08:00: Port 3000 is already in use
2019-04-21 00:01 +08:00: Port 3000 is already in use
2019-04-22 00:01 +08:00: Port 3000 is already in use
2019-04-22 00:01 +08:00: Port 3000 is already in use
2019-04-22 00:01 +08:00: Port 3000 is already in use
2019-04-22 00:01 +08:00: Port 3000 is already in use
2019-04-22 00:01 +08:00: Port 3000 is already in use
2019-04-23 00:01 +08:00: Port 3000 is already in use
2019-04-23 00:01 +08:00: Port 3000 is already in use
2019-04-23 00:01 +08:00: Port 3000 is already in use
2019-04-23 00:01 +08:00: Port 3000 is already in use
2019-04-23 00:01 +08:00: Port 3000 is already in use
2019-04-24 00:01 +08:00: Port 3000 is already in use
2019-04-24 00:01 +08:00: Port 3000 is already in use
2019-04-24 00:01 +08:00: Port 3000 is already in use
2019-04-24 00:01 +08:00: Port 3000 is already in use
2019-04-24 00:01 +08:00: Port 3000 is already in use
2019-04-25 00:01 +08:00: Port 3000 is already in use
2019-04-25 00:01 +08:00: Port 3000 is already in use
2019-04-25 00:01 +08:00: Port 3000 is already in use
2019-04-25 00:01 +08:00: Port 3000 is already in use
2019-04-25 00:01 +08:00: Port 3000 is already in use
2019-04-26 00:01 +08:00: Port 3000 is already in use
2019-04-26 00:01 +08:00: Port 3000 is already in use
2019-04-26 00:01 +08:00: Port 3000 is already in use
2019-04-26 00:01 +08:00: Port 3000 is already in use
2019-04-26 00:01 +08:00: Port 3000 is already in use
2019-04-27 00:01 +08:00: Port 3000 is already in use
2019-04-27 00:01 +08:00: Port 3000 is already in use
2019-04-27 00:01 +08:00: Port 3000 is already in use
2019-04-27 00:01 +08:00: Port 3000 is already in use
2019-04-27 00:01 +08:00: Port 3000 is already in use
2019-04-28 00:01 +08:00: Port 3000 is already in use
2019-04-28 00:01 +08:00: Port 3000 is already in use
2019-04-28 00:01 +08:00: Port 3000 is already in use
2019-04-28 00:01 +08:00: Port 3000 is already in use
2019-04-28 00:01 +08:00: Port 3000 is already in use
2019-04-29 00:01 +08:00: Port 3000 is already in use
2019-04-29 00:01 +08:00: Port 3000 is already in use
2019-04-29 00:01 +08:00: Port 3000 is already in use
2019-04-29 00:01 +08:00: Port 3000 is already in use
2019-04-29 00:01 +08:00: Port 3000 is already in use
2019-04-30 00:01 +08:00: Port 3000 is already in use
2019-04-30 00:01 +08:00: Port 3000 is already in use
2019-04-30 00:01 +08:00: Port 3000 is already in use
2019-04-30 00:01 +08:00: Port 3000 is already in use
2019-04-30 00:01 +08:00: Port 3000 is already in use
2019-05-01 00:01 +08:00: Port 3000 is already in use
2019-05-01 00:01 +08:00: Port 3000 is already in use
2019-05-01 00:01 +08:00: Port 3000 is already in use
2019-05-01 00:01 +08:00: Port 3000 is already in use
2019-05-01 00:01 +08:00: Port 3000 is already in use
2019-05-02 00:01 +08:00: Port 3000 is already in use
2019-05-02 00:01 +08:00: Port 3000 is already in use
2019-05-02 00:01 +08:00: Port 3000 is already in use
2019-05-02 00:01 +08:00: Port 3000 is already in use
2019-05-02 00:01 +08:00: Port 3000 is already in use
2019-05-03 00:01 +08:00: Port 3000 is already in use
2019-05-03 00:01 +08:00: Port 3000 is already in use
2019-05-03 00:01 +08:00: Port 3000 is already in use
2019-05-03 00:01 +08:00: Port 3000 is already in use
2019-05-03 00:01 +08:00: Port 3000 is already in use
2019-05-04 00:01 +08:00: Port 3000 is already in use
2019-05-04 00:01 +08:00: Port 3000 is already in use
2019-05-04 00:01 +08:00: Port 3000 is already in use
2019-05-04 00:01 +08:00: Port 3000 is already in use
2019-05-04 00:01 +08:00: Port 3000 is already in use
2019-05-05 00:01 +08:00: Port 3000 is already in use
2019-05-05 00:01 +08:00: Port 3000 is already in use
2019-05-05 00:01 +08:00: Port 3000 is already in use
2019-05-05 00:01 +08:00: Port 3000 is already in use
2019-05-05 00:01 +08:00: Port 3000 is already in use
2019-05-05 10:15 +08:00: Port 3000 is already in use
2019-05-05 10:15 +08:00: Port 3000 is already in use
2019-05-05 10:15 +08:00: Port 3000 is already in use
2019-05-05 10:15 +08:00: Port 3000 is already in use
2019-05-05 10:15 +08:00: Port 3000 is already in use
2019-05-05 10:17 +08:00: Port 3000 is already in use
2019-05-05 10:17 +08:00: Port 3000 is already in use
2019-05-05 10:17 +08:00: Port 3000 is already in use
2019-05-05 10:17 +08:00: Port 3000 is already in use
2019-05-05 10:17 +08:00: Port 3000 is already in use
2019-05-06 00:01 +08:00: Port 3000 is already in use
2019-05-06 00:01 +08:00: Port 3000 is already in use
2019-05-06 00:01 +08:00: Port 3000 is already in use
2019-05-06 00:01 +08:00: Port 3000 is already in use
2019-05-06 00:01 +08:00: Port 3000 is already in use
2019-05-07 00:01 +08:00: Port 3000 is already in use
2019-05-07 00:01 +08:00: Port 3000 is already in use
2019-05-07 00:01 +08:00: Port 3000 is already in use
2019-05-07 00:01 +08:00: Port 3000 is already in use
2019-05-07 00:01 +08:00: Port 3000 is already in use
2019-05-07 18:37 +08:00: Port 3000 is already in use
2019-05-07 18:37 +08:00: Port 3000 is already in use
2019-05-07 18:37 +08:00: Port 3000 is already in use
2019-05-07 18:37 +08:00: Port 3000 is already in use
2019-05-07 18:37 +08:00: Port 3000 is already in use
2019-05-08 00:01 +08:00: Port 3000 is already in use
2019-05-08 00:01 +08:00: Port 3000 is already in use
2019-05-08 00:01 +08:00: Port 3000 is already in use
2019-05-08 00:01 +08:00: Port 3000 is already in use
2019-05-08 00:01 +08:00: Port 3000 is already in use
2019-05-08 17:43 +08:00: { Error: Cannot find module './routes/LifeApp'
2019-05-08 17:43 +08:00:     at Function.Module._resolveFilename (module.js:476:15)
2019-05-08 17:43 +08:00:     at Function.Module._load (module.js:424:25)
2019-05-08 17:43 +08:00:     at Function._load (/usr/lib/node_modules/pm2/node_modules/@pm2/io/build/main/metrics/httpMetrics.js:172:43)
2019-05-08 17:43 +08:00:     at Module.require (module.js:504:17)
2019-05-08 17:43 +08:00:     at require (internal/module.js:20:19)
2019-05-08 17:43 +08:00:     at Object.<anonymous> (/home/deliveryNode/app.js:16:21)
2019-05-08 17:43 +08:00:     at Module._compile (module.js:577:32)
2019-05-08 17:43 +08:00:     at Object.Module._extensions..js (module.js:586:10)
2019-05-08 17:43 +08:00:     at Module.load (module.js:494:32)
2019-05-08 17:43 +08:00:     at tryModuleLoad (module.js:453:12) code: 'MODULE_NOT_FOUND' }
2019-05-08 17:43 +08:00: { Error: Cannot find module './routes/LifeApp'
2019-05-08 17:43 +08:00:     at Function.Module._resolveFilename (module.js:476:15)
2019-05-08 17:43 +08:00:     at Function.Module._load (module.js:424:25)
2019-05-08 17:43 +08:00:     at Function._load (/usr/lib/node_modules/pm2/node_modules/@pm2/io/build/main/metrics/httpMetrics.js:172:43)
2019-05-08 17:43 +08:00:     at Module.require (module.js:504:17)
2019-05-08 17:43 +08:00:     at require (internal/module.js:20:19)
2019-05-08 17:43 +08:00:     at Object.<anonymous> (/home/deliveryNode/app.js:16:21)
2019-05-08 17:43 +08:00:     at Module._compile (module.js:577:32)
2019-05-08 17:43 +08:00:     at Object.Module._extensions..js (module.js:586:10)
2019-05-08 17:43 +08:00:     at Module.load (module.js:494:32)
2019-05-08 17:43 +08:00:     at tryModuleLoad (module.js:453:12) code: 'MODULE_NOT_FOUND' }
2019-05-08 17:43 +08:00: { Error: Cannot find module './routes/LifeApp'
2019-05-08 17:43 +08:00:     at Function.Module._resolveFilename (module.js:476:15)
2019-05-08 17:43 +08:00:     at Function.Module._load (module.js:424:25)
2019-05-08 17:43 +08:00:     at Function._load (/usr/lib/node_modules/pm2/node_modules/@pm2/io/build/main/metrics/httpMetrics.js:172:43)
2019-05-08 17:43 +08:00:     at Module.require (module.js:504:17)
2019-05-08 17:43 +08:00:     at require (internal/module.js:20:19)
2019-05-08 17:43 +08:00:     at Object.<anonymous> (/home/deliveryNode/app.js:16:21)
2019-05-08 17:43 +08:00:     at Module._compile (module.js:577:32)
2019-05-08 17:43 +08:00:     at Object.Module._extensions..js (module.js:586:10)
2019-05-08 17:43 +08:00:     at Module.load (module.js:494:32)
2019-05-08 17:43 +08:00:     at tryModuleLoad (module.js:453:12) code: 'MODULE_NOT_FOUND' }
2019-05-08 17:43 +08:00: { Error: Cannot find module './routes/LifeApp'
2019-05-08 17:43 +08:00:     at Function.Module._resolveFilename (module.js:476:15)
2019-05-08 17:43 +08:00:     at Function.Module._load (module.js:424:25)
2019-05-08 17:43 +08:00:     at Function._load (/usr/lib/node_modules/pm2/node_modules/@pm2/io/build/main/metrics/httpMetrics.js:172:43)
2019-05-08 17:43 +08:00:     at Module.require (module.js:504:17)
2019-05-08 17:43 +08:00:     at require (internal/module.js:20:19)
2019-05-08 17:43 +08:00:     at Object.<anonymous> (/home/deliveryNode/app.js:16:21)
2019-05-08 17:43 +08:00:     at Module._compile (module.js:577:32)
2019-05-08 17:43 +08:00:     at Object.Module._extensions..js (module.js:586:10)
2019-05-08 17:43 +08:00:     at Module.load (module.js:494:32)
2019-05-08 17:43 +08:00:     at tryModuleLoad (module.js:453:12) code: 'MODULE_NOT_FOUND' }
2019-05-08 17:43 +08:00: { Error: Cannot find module './routes/LifeApp'
2019-05-08 17:43 +08:00:     at Function.Module._resolveFilename (module.js:476:15)
2019-05-08 17:43 +08:00:     at Function.Module._load (module.js:424:25)
2019-05-08 17:43 +08:00:     at Function._load (/usr/lib/node_modules/pm2/node_modules/@pm2/io/build/main/metrics/httpMetrics.js:172:43)
2019-05-08 17:43 +08:00:     at Module.require (module.js:504:17)
2019-05-08 17:43 +08:00:     at require (internal/module.js:20:19)
2019-05-08 17:43 +08:00:     at Object.<anonymous> (/home/deliveryNode/app.js:16:21)
2019-05-08 17:43 +08:00:     at Module._compile (module.js:577:32)
2019-05-08 17:43 +08:00:     at Object.Module._extensions..js (module.js:586:10)
2019-05-08 17:43 +08:00:     at Module.load (module.js:494:32)
2019-05-08 17:43 +08:00:     at tryModuleLoad (module.js:453:12) code: 'MODULE_NOT_FOUND' }
2019-05-08 17:43 +08:00: { Error: Cannot find module './routes/LifeApp'
2019-05-08 17:43 +08:00:     at Function.Module._resolveFilename (module.js:476:15)
2019-05-08 17:43 +08:00:     at Function.Module._load (module.js:424:25)
2019-05-08 17:43 +08:00:     at Function._load (/usr/lib/node_modules/pm2/node_modules/@pm2/io/build/main/metrics/httpMetrics.js:172:43)
2019-05-08 17:43 +08:00:     at Module.require (module.js:504:17)
2019-05-08 17:43 +08:00:     at require (internal/module.js:20:19)
2019-05-08 17:43 +08:00:     at Object.<anonymous> (/home/deliveryNode/app.js:16:21)
2019-05-08 17:43 +08:00:     at Module._compile (module.js:577:32)
2019-05-08 17:43 +08:00:     at Object.Module._extensions..js (module.js:586:10)
2019-05-08 17:43 +08:00:     at Module.load (module.js:494:32)
2019-05-08 17:43 +08:00:     at tryModuleLoad (module.js:453:12) code: 'MODULE_NOT_FOUND' }
2019-05-08 18:25 +08:00: { Error: Cannot find module './routes/LifeApp'
2019-05-08 18:25 +08:00:     at Function.Module._resolveFilename (module.js:476:15)
2019-05-08 18:25 +08:00:     at Function.Module._load (module.js:424:25)
2019-05-08 18:25 +08:00:     at Function._load (/usr/lib/node_modules/pm2/node_modules/@pm2/io/build/main/metrics/httpMetrics.js:172:43)
2019-05-08 18:25 +08:00:     at Module.require (module.js:504:17)
2019-05-08 18:25 +08:00:     at require (internal/module.js:20:19)
2019-05-08 18:25 +08:00:     at Object.<anonymous> (/home/deliveryNode/app.js:16:21)
2019-05-08 18:25 +08:00:     at Module._compile (module.js:577:32)
2019-05-08 18:25 +08:00:     at Object.Module._extensions..js (module.js:586:10)
2019-05-08 18:25 +08:00:     at Module.load (module.js:494:32)
2019-05-08 18:25 +08:00:     at tryModuleLoad (module.js:453:12) code: 'MODULE_NOT_FOUND' }
2019-05-08 18:25 +08:00: { Error: Cannot find module './routes/LifeApp'
2019-05-08 18:25 +08:00:     at Function.Module._resolveFilename (module.js:476:15)
2019-05-08 18:25 +08:00:     at Function.Module._load (module.js:424:25)
2019-05-08 18:25 +08:00:     at Function._load (/usr/lib/node_modules/pm2/node_modules/@pm2/io/build/main/metrics/httpMetrics.js:172:43)
2019-05-08 18:25 +08:00:     at Module.require (module.js:504:17)
2019-05-08 18:25 +08:00:     at require (internal/module.js:20:19)
2019-05-08 18:25 +08:00:     at Object.<anonymous> (/home/deliveryNode/app.js:16:21)
2019-05-08 18:25 +08:00:     at Module._compile (module.js:577:32)
2019-05-08 18:25 +08:00:     at Object.Module._extensions..js (module.js:586:10)
2019-05-08 18:25 +08:00:     at Module.load (module.js:494:32)
2019-05-08 18:25 +08:00:     at tryModuleLoad (module.js:453:12) code: 'MODULE_NOT_FOUND' }
2019-05-08 18:25 +08:00: { Error: Cannot find module './routes/LifeApp'
2019-05-08 18:25 +08:00:     at Function.Module._resolveFilename (module.js:476:15)
2019-05-08 18:25 +08:00:     at Function.Module._load (module.js:424:25)
2019-05-08 18:25 +08:00:     at Function._load (/usr/lib/node_modules/pm2/node_modules/@pm2/io/build/main/metrics/httpMetrics.js:172:43)
2019-05-08 18:25 +08:00:     at Module.require (module.js:504:17)
2019-05-08 18:25 +08:00:     at require (internal/module.js:20:19)
2019-05-08 18:25 +08:00:     at Object.<anonymous> (/home/deliveryNode/app.js:16:21)
2019-05-08 18:25 +08:00:     at Module._compile (module.js:577:32)
2019-05-08 18:25 +08:00:     at Object.Module._extensions..js (module.js:586:10)
2019-05-08 18:25 +08:00:     at Module.load (module.js:494:32)
2019-05-08 18:25 +08:00:     at tryModuleLoad (module.js:453:12) code: 'MODULE_NOT_FOUND' }
2019-05-08 18:25 +08:00: { Error: Cannot find module './routes/LifeApp'
2019-05-08 18:25 +08:00:     at Function.Module._resolveFilename (module.js:476:15)
2019-05-08 18:25 +08:00:     at Function.Module._load (module.js:424:25)
2019-05-08 18:25 +08:00:     at Function._load (/usr/lib/node_modules/pm2/node_modules/@pm2/io/build/main/metrics/httpMetrics.js:172:43)
2019-05-08 18:25 +08:00:     at Module.require (module.js:504:17)
2019-05-08 18:25 +08:00:     at require (internal/module.js:20:19)
2019-05-08 18:25 +08:00:     at Object.<anonymous> (/home/deliveryNode/app.js:16:21)
2019-05-08 18:25 +08:00:     at Module._compile (module.js:577:32)
2019-05-08 18:25 +08:00:     at Object.Module._extensions..js (module.js:586:10)
2019-05-08 18:25 +08:00:     at Module.load (module.js:494:32)
2019-05-08 18:25 +08:00:     at tryModuleLoad (module.js:453:12) code: 'MODULE_NOT_FOUND' }
2019-05-08 18:25 +08:00: { Error: Cannot find module './routes/LifeApp'
2019-05-08 18:25 +08:00:     at Function.Module._resolveFilename (module.js:476:15)
2019-05-08 18:25 +08:00:     at Function.Module._load (module.js:424:25)
2019-05-08 18:25 +08:00:     at Function._load (/usr/lib/node_modules/pm2/node_modules/@pm2/io/build/main/metrics/httpMetrics.js:172:43)
2019-05-08 18:25 +08:00:     at Module.require (module.js:504:17)
2019-05-08 18:25 +08:00:     at require (internal/module.js:20:19)
2019-05-08 18:25 +08:00:     at Object.<anonymous> (/home/deliveryNode/app.js:16:21)
2019-05-08 18:25 +08:00:     at Module._compile (module.js:577:32)
2019-05-08 18:25 +08:00:     at Object.Module._extensions..js (module.js:586:10)
2019-05-08 18:25 +08:00:     at Module.load (module.js:494:32)
2019-05-08 18:25 +08:00:     at tryModuleLoad (module.js:453:12) code: 'MODULE_NOT_FOUND' }
2019-05-08 18:25 +08:00: { Error: Cannot find module './routes/LifeApp'
2019-05-08 18:25 +08:00:     at Function.Module._resolveFilename (module.js:476:15)
2019-05-08 18:25 +08:00:     at Function.Module._load (module.js:424:25)
2019-05-08 18:25 +08:00:     at Function._load (/usr/lib/node_modules/pm2/node_modules/@pm2/io/build/main/metrics/httpMetrics.js:172:43)
2019-05-08 18:25 +08:00:     at Module.require (module.js:504:17)
2019-05-08 18:25 +08:00:     at require (internal/module.js:20:19)
2019-05-08 18:25 +08:00:     at Object.<anonymous> (/home/deliveryNode/app.js:16:21)
2019-05-08 18:25 +08:00:     at Module._compile (module.js:577:32)
2019-05-08 18:25 +08:00:     at Object.Module._extensions..js (module.js:586:10)
2019-05-08 18:25 +08:00:     at Module.load (module.js:494:32)
2019-05-08 18:25 +08:00:     at tryModuleLoad (module.js:453:12) code: 'MODULE_NOT_FOUND' }
2019-05-08 23:44 +08:00: { Error: Cannot find module './routes/LifeApp'
2019-05-08 23:44 +08:00:     at Function.Module._resolveFilename (module.js:476:15)
2019-05-08 23:44 +08:00:     at Function.Module._load (module.js:424:25)
2019-05-08 23:44 +08:00:     at Function._load (/usr/lib/node_modules/pm2/node_modules/@pm2/io/build/main/metrics/httpMetrics.js:172:43)
2019-05-08 23:44 +08:00:     at Module.require (module.js:504:17)
2019-05-08 23:44 +08:00:     at require (internal/module.js:20:19)
2019-05-08 23:44 +08:00:     at Object.<anonymous> (/home/deliveryNode/app.js:16:21)
2019-05-08 23:44 +08:00:     at Module._compile (module.js:577:32)
2019-05-08 23:44 +08:00:     at Object.Module._extensions..js (module.js:586:10)
2019-05-08 23:44 +08:00:     at Module.load (module.js:494:32)
2019-05-08 23:44 +08:00:     at tryModuleLoad (module.js:453:12) code: 'MODULE_NOT_FOUND' }
2019-05-08 23:44 +08:00: { Error: Cannot find module './routes/LifeApp'
2019-05-08 23:44 +08:00:     at Function.Module._resolveFilename (module.js:476:15)
2019-05-08 23:44 +08:00:     at Function.Module._load (module.js:424:25)
2019-05-08 23:44 +08:00:     at Function._load (/usr/lib/node_modules/pm2/node_modules/@pm2/io/build/main/metrics/httpMetrics.js:172:43)
2019-05-08 23:44 +08:00:     at Module.require (module.js:504:17)
2019-05-08 23:44 +08:00:     at require (internal/module.js:20:19)
2019-05-08 23:44 +08:00:     at Object.<anonymous> (/home/deliveryNode/app.js:16:21)
2019-05-08 23:44 +08:00:     at Module._compile (module.js:577:32)
2019-05-08 23:44 +08:00:     at Object.Module._extensions..js (module.js:586:10)
2019-05-08 23:44 +08:00:     at Module.load (module.js:494:32)
2019-05-08 23:44 +08:00:     at tryModuleLoad (module.js:453:12) code: 'MODULE_NOT_FOUND' }
2019-05-08 23:44 +08:00: { Error: Cannot find module './routes/LifeApp'
2019-05-08 23:44 +08:00:     at Function.Module._resolveFilename (module.js:476:15)
2019-05-08 23:44 +08:00:     at Function.Module._load (module.js:424:25)
2019-05-08 23:44 +08:00:     at Function._load (/usr/lib/node_modules/pm2/node_modules/@pm2/io/build/main/metrics/httpMetrics.js:172:43)
2019-05-08 23:44 +08:00:     at Module.require (module.js:504:17)
2019-05-08 23:44 +08:00:     at require (internal/module.js:20:19)
2019-05-08 23:44 +08:00:     at Object.<anonymous> (/home/deliveryNode/app.js:16:21)
2019-05-08 23:44 +08:00:     at Module._compile (module.js:577:32)
2019-05-08 23:44 +08:00:     at Object.Module._extensions..js (module.js:586:10)
2019-05-08 23:44 +08:00:     at Module.load (module.js:494:32)
2019-05-08 23:44 +08:00:     at tryModuleLoad (module.js:453:12) code: 'MODULE_NOT_FOUND' }
2019-05-08 23:44 +08:00: { Error: Cannot find module './routes/LifeApp'
2019-05-08 23:44 +08:00:     at Function.Module._resolveFilename (module.js:476:15)
2019-05-08 23:44 +08:00:     at Function.Module._load (module.js:424:25)
2019-05-08 23:44 +08:00:     at Function._load (/usr/lib/node_modules/pm2/node_modules/@pm2/io/build/main/metrics/httpMetrics.js:172:43)
2019-05-08 23:44 +08:00:     at Module.require (module.js:504:17)
2019-05-08 23:44 +08:00:     at require (internal/module.js:20:19)
2019-05-08 23:44 +08:00:     at Object.<anonymous> (/home/deliveryNode/app.js:16:21)
2019-05-08 23:44 +08:00:     at Module._compile (module.js:577:32)
2019-05-08 23:44 +08:00:     at Object.Module._extensions..js (module.js:586:10)
2019-05-08 23:44 +08:00:     at Module.load (module.js:494:32)
2019-05-08 23:44 +08:00:     at tryModuleLoad (module.js:453:12) code: 'MODULE_NOT_FOUND' }
2019-05-08 23:44 +08:00: { Error: Cannot find module './routes/LifeApp'
2019-05-08 23:44 +08:00:     at Function.Module._resolveFilename (module.js:476:15)
2019-05-08 23:44 +08:00:     at Function.Module._load (module.js:424:25)
2019-05-08 23:44 +08:00:     at Function._load (/usr/lib/node_modules/pm2/node_modules/@pm2/io/build/main/metrics/httpMetrics.js:172:43)
2019-05-08 23:44 +08:00:     at Module.require (module.js:504:17)
2019-05-08 23:44 +08:00:     at require (internal/module.js:20:19)
2019-05-08 23:44 +08:00:     at Object.<anonymous> (/home/deliveryNode/app.js:16:21)
2019-05-08 23:44 +08:00:     at Module._compile (module.js:577:32)
2019-05-08 23:44 +08:00:     at Object.Module._extensions..js (module.js:586:10)
2019-05-08 23:44 +08:00:     at Module.load (module.js:494:32)
2019-05-08 23:44 +08:00:     at tryModuleLoad (module.js:453:12) code: 'MODULE_NOT_FOUND' }
2019-05-08 23:44 +08:00: { Error: Cannot find module './routes/LifeApp'
2019-05-08 23:44 +08:00:     at Function.Module._resolveFilename (module.js:476:15)
2019-05-08 23:44 +08:00:     at Function.Module._load (module.js:424:25)
2019-05-08 23:44 +08:00:     at Function._load (/usr/lib/node_modules/pm2/node_modules/@pm2/io/build/main/metrics/httpMetrics.js:172:43)
2019-05-08 23:44 +08:00:     at Module.require (module.js:504:17)
2019-05-08 23:44 +08:00:     at require (internal/module.js:20:19)
2019-05-08 23:44 +08:00:     at Object.<anonymous> (/home/deliveryNode/app.js:16:21)
2019-05-08 23:44 +08:00:     at Module._compile (module.js:577:32)
2019-05-08 23:44 +08:00:     at Object.Module._extensions..js (module.js:586:10)
2019-05-08 23:44 +08:00:     at Module.load (module.js:494:32)
2019-05-08 23:44 +08:00:     at tryModuleLoad (module.js:453:12) code: 'MODULE_NOT_FOUND' }
2019-05-08 23:49 +08:00: Port 3000 is already in use
2019-05-08 23:49 +08:00: Port 3000 is already in use
2019-05-08 23:49 +08:00: Port 3000 is already in use
2019-05-08 23:49 +08:00: Port 3000 is already in use
2019-05-08 23:49 +08:00: Port 3000 is already in use
2019-05-08 23:56 +08:00: Port 3000 is already in use
2019-05-08 23:56 +08:00: Port 3000 is already in use
2019-05-08 23:56 +08:00: Port 3000 is already in use
2019-05-08 23:56 +08:00: Port 3000 is already in use
2019-05-08 23:56 +08:00: Port 3000 is already in use
2019-05-09 00:01 +08:00: Port 3000 is already in use
2019-05-09 00:01 +08:00: Port 3000 is already in use
2019-05-09 00:01 +08:00: Port 3000 is already in use
2019-05-09 00:01 +08:00: Port 3000 is already in use
2019-05-09 00:01 +08:00: Port 3000 is already in use
2019-05-09 09:57 +08:00: Port 3000 is already in use
2019-05-09 09:57 +08:00: Port 3000 is already in use
2019-05-09 09:57 +08:00: Port 3000 is already in use
2019-05-09 09:57 +08:00: Port 3000 is already in use
2019-05-09 09:57 +08:00: Port 3000 is already in use
2019-05-10 00:01 +08:00: Port 3000 is already in use
2019-05-10 00:01 +08:00: Port 3000 is already in use
2019-05-10 00:01 +08:00: Port 3000 is already in use
2019-05-10 00:01 +08:00: Port 3000 is already in use
2019-05-10 00:01 +08:00: Port 3000 is already in use
2019-05-11 00:01 +08:00: Port 3000 is already in use
2019-05-11 00:01 +08:00: Port 3000 is already in use
2019-05-11 00:01 +08:00: Port 3000 is already in use
2019-05-11 00:01 +08:00: Port 3000 is already in use
2019-05-11 00:01 +08:00: Port 3000 is already in use
2019-05-11 08:41 +08:00: Port 3000 is already in use
2019-05-11 08:41 +08:00: Port 3000 is already in use
2019-05-11 08:41 +08:00: Port 3000 is already in use
2019-05-11 08:41 +08:00: Port 3000 is already in use
2019-05-11 08:41 +08:00: Port 3000 is already in use
2019-05-12 00:01 +08:00: Port 3000 is already in use
2019-05-12 00:01 +08:00: Port 3000 is already in use
2019-05-12 00:01 +08:00: Port 3000 is already in use
2019-05-12 00:01 +08:00: Port 3000 is already in use
2019-05-12 00:01 +08:00: Port 3000 is already in use
2019-05-12 10:21 +08:00: Port 3000 is already in use
2019-05-12 10:21 +08:00: Port 3000 is already in use
2019-05-12 10:21 +08:00: Port 3000 is already in use
2019-05-12 10:21 +08:00: Port 3000 is already in use
2019-05-12 10:21 +08:00: Port 3000 is already in use
2019-05-12 10:43 +08:00: Port 3000 is already in use
2019-05-12 10:43 +08:00: Port 3000 is already in use
2019-05-12 10:43 +08:00: Port 3000 is already in use
2019-05-12 10:43 +08:00: Port 3000 is already in use
2019-05-12 10:43 +08:00: Port 3000 is already in use
2019-05-13 00:01 +08:00: Port 3000 is already in use
2019-05-13 00:01 +08:00: Port 3000 is already in use
2019-05-13 00:01 +08:00: Port 3000 is already in use
2019-05-13 00:01 +08:00: Port 3000 is already in use
2019-05-13 00:01 +08:00: Port 3000 is already in use
2019-05-13 23:39 +08:00: Port 3000 is already in use
2019-05-13 23:39 +08:00: Port 3000 is already in use
2019-05-13 23:39 +08:00: Port 3000 is already in use
2019-05-13 23:39 +08:00: Port 3000 is already in use
2019-05-13 23:39 +08:00: Port 3000 is already in use
